<?xml version="1.0" encoding="UTF-8"?>
<testsuite xmlns:xsi="http://www.w3.org/2001/XMLSchema-instance" xsi:noNamespaceSchemaLocation="https://maven.apache.org/surefire/maven-surefire-plugin/xsd/surefire-test-report.xsd" name="com.melissa.desafio.GastosControllerTest" time="0.35" tests="1" errors="0" skipped="0" failures="1">
  <properties>
[...]
</properties>
  <testcase name="testInsertGastoCategoria" classname="com.melissa.desafio.GastosControllerTest" time="0.058">
    <failure message="200 expected:&lt;400&gt; but was:&lt;false&gt;" type="java.lang.AssertionError"><![CDATA[java.lang.AssertionError: 200 expected:<400> but was:<false>
	at com.melissa.desafio.GastosControllerTest.testInsertGastoCategoria(GastosControllerTest.java:90)
]]></failure>
    <system-out><![CDATA[2018-12-12 14:46:52.098  INFO 34288 --- [           main] .b.t.a.w.s.WebMvcTestContextBootstrapper : Neither @ContextConfiguration nor @ContextHierarchy found for test class [com.melissa.desafio.GastosControllerTest], using SpringBootContextLoader
2018-12-12 14:46:52.099  INFO 34288 --- [           main] o.s.t.c.support.AbstractContextLoader    : Could not detect default resource locations for test class [com.melissa.desafio.GastosControllerTest]: no resource found for suffixes {-context.xml, Context.groovy}.
2018-12-12 14:46:52.100  INFO 34288 --- [           main] t.c.s.AnnotationConfigContextLoaderUtils : Could not detect default configuration classes for test class [com.melissa.desafio.GastosControllerTest]: GastosControllerTest does not declare any static, non-private, non-final, nested classes annotated with @Configuration.
2018-12-12 14:46:52.142  INFO 34288 --- [           main] .b.t.c.SpringBootTestContextBootstrapper : Found @SpringBootConfiguration com.melissa.desafio.DesafioApplication for test class com.melissa.desafio.GastosControllerTest
2018-12-12 14:46:52.146  INFO 34288 --- [           main] .b.t.a.w.s.WebMvcTestContextBootstrapper : Loaded default TestExecutionListener class names from location [META-INF/spring.factories]: [org.springframework.boot.test.mock.mockito.MockitoTestExecutionListener, org.springframework.boot.test.mock.mockito.ResetMocksTestExecutionListener, org.springframework.boot.test.autoconfigure.restdocs.RestDocsTestExecutionListener, org.springframework.boot.test.autoconfigure.web.client.MockRestServiceServerResetTestExecutionListener, org.springframework.boot.test.autoconfigure.web.servlet.MockMvcPrintOnlyOnFailureTestExecutionListener, org.springframework.boot.test.autoconfigure.web.servlet.WebDriverTestExecutionListener, org.springframework.test.context.web.ServletTestExecutionListener, org.springframework.test.context.support.DirtiesContextBeforeModesTestExecutionListener, org.springframework.test.context.support.DependencyInjectionTestExecutionListener, org.springframework.test.context.support.DirtiesContextTestExecutionListener, org.springframework.test.context.transaction.TransactionalTestExecutionListener, org.springframework.test.context.jdbc.SqlScriptsTestExecutionListener]
2018-12-12 14:46:52.146  INFO 34288 --- [           main] .b.t.a.w.s.WebMvcTestContextBootstrapper : Using TestExecutionListeners: [org.springframework.test.context.web.ServletTestExecutionListener@283d3628, org.springframework.test.context.support.DirtiesContextBeforeModesTestExecutionListener@5b3518e1, org.springframework.boot.test.mock.mockito.MockitoTestExecutionListener@5fd18419, org.springframework.boot.test.autoconfigure.SpringBootDependencyInjectionTestExecutionListener@3a88f6fb, org.springframework.test.context.support.DirtiesContextTestExecutionListener@7b451bf4, org.springframework.test.context.transaction.TransactionalTestExecutionListener@844e66d, org.springframework.test.context.jdbc.SqlScriptsTestExecutionListener@5b665a30, org.springframework.boot.test.mock.mockito.ResetMocksTestExecutionListener@26a45089, org.springframework.boot.test.autoconfigure.restdocs.RestDocsTestExecutionListener@75ed7512, org.springframework.boot.test.autoconfigure.web.client.MockRestServiceServerResetTestExecutionListener@5ab5924c, org.springframework.boot.test.autoconfigure.web.servlet.MockMvcPrintOnlyOnFailureTestExecutionListener@33ebe4f0, org.springframework.boot.test.autoconfigure.web.servlet.WebDriverTestExecutionListener@37cfda1c]

  .   ____          _            __ _ _
 /\\ / ___'_ __ _ _(_)_ __  __ _ \ \ \ \
( ( )\___ | '_ | '_| | '_ \/ _` | \ \ \ \
 \\/  ___)| |_)| | | | | || (_| |  ) ) ) )
  '  |____| .__|_| |_|_| |_\__, | / / / /
 =========|_|==============|___/=/_/_/_/
 :: Spring Boot ::        (v2.0.5.RELEASE)

2018-12-12 14:46:52.224  INFO 34288 --- [           main] c.melissa.desafio.GastosControllerTest   : Starting GastosControllerTest on LAPTOP-1VR3HMTD with PID 34288 (started by ADIN008 in C:\Users\ADIN008\Desktop\desafio (2)\desafio)
2018-12-12 14:46:52.228  INFO 34288 --- [           main] c.melissa.desafio.GastosControllerTest   : No active profile set, falling back to default profiles: default
2018-12-12 14:46:52.235  INFO 34288 --- [           main] o.s.w.c.s.GenericWebApplicationContext   : Refreshing org.springframework.web.context.support.GenericWebApplicationContext@4ad896f7: startup date [Wed Dec 12 14:46:52 BRST 2018]; root of context hierarchy
2018-12-12 14:46:53.788  INFO 34288 --- [           main] f.a.AutowiredAnnotationBeanPostProcessor : JSR-330 'javax.inject.Inject' annotation found and supported for autowiring
2018-12-12 14:46:54.091  INFO 34288 --- [           main] o.s.w.s.handler.SimpleUrlHandlerMapping  : Mapped URL path [/**/favicon.ico] onto handler of type [class org.springframework.web.servlet.resource.ResourceHttpRequestHandler]
2018-12-12 14:46:54.282  INFO 34288 --- [           main] s.w.s.m.m.a.RequestMappingHandlerAdapter : Looking for @ControllerAdvice: org.springframework.web.context.support.GenericWebApplicationContext@4ad896f7: startup date [Wed Dec 12 14:46:52 BRST 2018]; root of context hierarchy
2018-12-12 14:46:54.323  INFO 34288 --- [           main] s.w.s.m.m.a.RequestMappingHandlerMapping : Mapped "{[/api/v1/gastos/categoria],methods=[POST]}" onto public org.springframework.http.ResponseEntity<com.melissa.desafio.model.Gasto> com.melissa.desafio.controller.GastosController.insertGastoCategoria(com.melissa.desafio.model.Gasto)
2018-12-12 14:46:54.323  INFO 34288 --- [           main] s.w.s.m.m.a.RequestMappingHandlerMapping : Mapped "{[/api/v1/gastos/codigoUsuario/{codigoUsuario}],methods=[GET]}" onto public java.util.List<com.melissa.desafio.model.Gasto> com.melissa.desafio.controller.GastosController.findGastosByCodigoUsuario(long)
2018-12-12 14:46:54.324  INFO 34288 --- [           main] s.w.s.m.m.a.RequestMappingHandlerMapping : Mapped "{[/api/v1/gastos],methods=[POST]}" onto public org.springframework.http.ResponseEntity<java.util.List<com.melissa.desafio.model.Gasto>> com.melissa.desafio.controller.GastosController.insertGastos(java.util.List<com.melissa.desafio.model.Gasto>)
2018-12-12 14:46:54.325  INFO 34288 --- [           main] s.w.s.m.m.a.RequestMappingHandlerMapping : Mapped "{[/api/v1/gastos/data/{data}/{codigoUsuario}],methods=[GET]}" onto public java.util.List<com.melissa.desafio.model.Gasto> com.melissa.desafio.controller.GastosController.findGastosByData(java.lang.String,java.lang.Long)
2018-12-12 14:46:54.331  INFO 34288 --- [           main] s.w.s.m.m.a.RequestMappingHandlerMapping : Mapped "{[/error]}" onto public org.springframework.http.ResponseEntity<java.util.Map<java.lang.String, java.lang.Object>> org.springframework.boot.autoconfigure.web.servlet.error.BasicErrorController.error(javax.servlet.http.HttpServletRequest)
2018-12-12 14:46:54.332  INFO 34288 --- [           main] s.w.s.m.m.a.RequestMappingHandlerMapping : Mapped "{[/error],produces=[text/html]}" onto public org.springframework.web.servlet.ModelAndView org.springframework.boot.autoconfigure.web.servlet.error.BasicErrorController.errorHtml(javax.servlet.http.HttpServletRequest,javax.servlet.http.HttpServletResponse)
2018-12-12 14:46:54.382  INFO 34288 --- [           main] o.s.w.s.handler.SimpleUrlHandlerMapping  : Mapped URL path [/webjars/**] onto handler of type [class org.springframework.web.servlet.resource.ResourceHttpRequestHandler]
2018-12-12 14:46:54.382  INFO 34288 --- [           main] o.s.w.s.handler.SimpleUrlHandlerMapping  : Mapped URL path [/**] onto handler of type [class org.springframework.web.servlet.resource.ResourceHttpRequestHandler]
2018-12-12 14:46:54.555  INFO 34288 --- [           main] o.s.b.t.m.w.SpringBootMockServletContext : Initializing Spring FrameworkServlet ''
2018-12-12 14:46:54.556  INFO 34288 --- [           main] o.s.t.web.servlet.TestDispatcherServlet  : FrameworkServlet '': initialization started
2018-12-12 14:46:54.582  INFO 34288 --- [           main] o.s.t.web.servlet.TestDispatcherServlet  : FrameworkServlet '': initialization completed in 26 ms
2018-12-12 14:46:54.630  INFO 34288 --- [           main] c.melissa.desafio.GastosControllerTest   : Started GastosControllerTest in 2.477 seconds (JVM running for 17.966)
2018-12-12 14:46:54.757  WARN 34288 --- [           main] .w.s.m.s.DefaultHandlerExceptionResolver : Resolved [org.springframework.http.converter.HttpMessageNotReadableException: Required request body is missing: public org.springframework.http.ResponseEntity<com.melissa.desafio.model.Gasto> com.melissa.desafio.controller.GastosController.insertGastoCategoria(com.melissa.desafio.model.Gasto)]
org.springframework.mock.web.MockHttpServletResponse@bf4e48e

MockHttpServletRequest:
      HTTP Method = POST
      Request URI = /api/v1/gastos/categoria
       Parameters = {}
          Headers = {Accept=[application/json]}
             Body = <no character encoding set>
    Session Attrs = {}

Handler:
             Type = com.melissa.desafio.controller.GastosController
           Method = public org.springframework.http.ResponseEntity<com.melissa.desafio.model.Gasto> com.melissa.desafio.controller.GastosController.insertGastoCategoria(com.melissa.desafio.model.Gasto)

Async:
    Async started = false
     Async result = null

Resolved Exception:
             Type = org.springframework.http.converter.HttpMessageNotReadableException

ModelAndView:
        View name = null
             View = null
            Model = null

FlashMap:
       Attributes = null

MockHttpServletResponse:
           Status = 400
    Error message = null
          Headers = {}
     Content type = null
             Body = 
    Forwarded URL = null
   Redirected URL = null
          Cookies = []
]]></system-out>
  </testcase>
</testsuite>